Base path: C:/Program Files/Unity/Hub/Editor/2018.3.4f1/Editor/Data
Cmd: initializeCompiler
Cmd: initializeCompiler
<<<<<<< HEAD
=======
Cmd: initializeCompiler
Cmd: initializeCompiler
Cmd: initializeCompiler
Cmd: initializeCompiler
Cmd: initializeCompiler
Cmd: initializeCompiler
Cmd: initializeCompiler
Cmd: initializeCompiler
Cmd: initializeCompiler
Cmd: initializeCompiler
Cmd: initializeCompiler
Cmd: initializeCompiler
Cmd: initializeCompiler
Cmd: initializeCompiler
Cmd: initializeCompiler
Cmd: initializeCompiler
Cmd: initializeCompiler
Cmd: initializeCompiler
Cmd: initializeCompiler
>>>>>>> ff0d3cc89ccfc546dc70b93b866fc2ee7a81c54e
